Running via Spring preloader in process 22660
Running via Spring preloader in process 22758
Running via Spring preloader in process 24085
Running via Spring preloader in process 27227
Running via Spring preloader in process 30331
Running via Spring preloader in process 31999
Running via Spring preloader in process 34597
Running via Spring preloader in process 38129
Running via Spring preloader in process 40219
Running via Spring preloader in process 42553
Running via Spring preloader in process 43628
Running via Spring preloader in process 47482
Running via Spring preloader in process 50691
Running via Spring preloader in process 2215
Running via Spring preloader in process 4119
Running via Spring preloader in process 6117
Running via Spring preloader in process 8988
Running via Spring preloader in process 12047
Running via Spring preloader in process 14994
Running via Spring preloader in process 16136
Running via Spring preloader in process 18769
Running via Spring preloader in process 21862
Running via Spring preloader in process 24947
Running via Spring preloader in process 27034
Running via Spring preloader in process 29286
Running via Spring preloader in process 31464
Running via Spring preloader in process 32826
Running via Spring preloader in process 33184
Running via Spring preloader in process 34665
Running via Spring preloader in process 36363
Running via Spring preloader in process 37802
Running via Spring preloader in process 40240
Running via Spring preloader in process 42471
Running via Spring preloader in process 44822
Running via Spring preloader in process 47638
Running via Spring preloader in process 61721
Running via Spring preloader in process 62649
Running via Spring preloader in process 73383
Running via Spring preloader in process 76680
Running via Spring preloader in process 78387
Running via Spring preloader in process 82366
Running via Spring preloader in process 84058
Running via Spring preloader in process 86270
Running via Spring preloader in process 88190
Running via Spring preloader in process 90132
Running via Spring preloader in process 1774
Running via Spring preloader in process 2874
Running via Spring preloader in process 3904
Running via Spring preloader in process 4681
Running via Spring preloader in process 7115
Running via Spring preloader in process 2334
Running via Spring preloader in process 3896
/Users/tako8ki/.rbenv/versions/2.5.1/lib/ruby/2.5.0/net/protocol.rb:181:in `rbuf_fill': Net::ReadTimeout (Net::ReadTimeout)
	from /Users/tako8ki/.rbenv/versions/2.5.1/lib/ruby/2.5.0/net/protocol.rb:157:in `readuntil'
	from /Users/tako8ki/.rbenv/versions/2.5.1/lib/ruby/2.5.0/net/protocol.rb:167:in `readline'
	from /Users/tako8ki/.rbenv/versions/2.5.1/lib/ruby/2.5.0/net/smtp.rb:950:in `recv_response'
	from /Users/tako8ki/.rbenv/versions/2.5.1/lib/ruby/2.5.0/net/smtp.rb:935:in `block in getok'
	from /Users/tako8ki/.rbenv/versions/2.5.1/lib/ruby/2.5.0/net/smtp.rb:960:in `critical'
	from /Users/tako8ki/.rbenv/versions/2.5.1/lib/ruby/2.5.0/net/smtp.rb:933:in `getok'
	from /Users/tako8ki/.rbenv/versions/2.5.1/lib/ruby/2.5.0/net/smtp.rb:822:in `starttls'
	from /Users/tako8ki/.rbenv/versions/2.5.1/lib/ruby/2.5.0/net/smtp.rb:560:in `do_start'
	from /Users/tako8ki/.rbenv/versions/2.5.1/lib/ruby/2.5.0/net/smtp.rb:518:in `start'
	from /Users/tako8ki/Documents/GitHub/openote/vendor/bundle/ruby/2.5.0/gems/mail-2.7.0/lib/mail/network/delivery_methods/smtp.rb:109:in `start_smtp_session'
	from /Users/tako8ki/Documents/GitHub/openote/vendor/bundle/ruby/2.5.0/gems/mail-2.7.0/lib/mail/network/delivery_methods/smtp.rb:100:in `deliver!'
	from /Users/tako8ki/Documents/GitHub/openote/vendor/bundle/ruby/2.5.0/gems/mail-2.7.0/lib/mail/message.rb:2160:in `do_delivery'
	from /Users/tako8ki/Documents/GitHub/openote/vendor/bundle/ruby/2.5.0/gems/mail-2.7.0/lib/mail/message.rb:260:in `block in deliver'
	from /Users/tako8ki/Documents/GitHub/openote/vendor/bundle/ruby/2.5.0/gems/actionmailer-5.2.1/lib/action_mailer/base.rb:560:in `block in deliver_mail'
	from /Users/tako8ki/Documents/GitHub/openote/vendor/bundle/ruby/2.5.0/gems/activesupport-5.2.1/lib/active_support/notifications.rb:168:in `block in instrument'
	from /Users/tako8ki/Documents/GitHub/openote/vendor/bundle/ruby/2.5.0/gems/activesupport-5.2.1/lib/active_support/notifications/instrumenter.rb:23:in `instrument'
	from /Users/tako8ki/Documents/GitHub/openote/vendor/bundle/ruby/2.5.0/gems/activesupport-5.2.1/lib/active_support/notifications.rb:168:in `instrument'
	from /Users/tako8ki/Documents/GitHub/openote/vendor/bundle/ruby/2.5.0/gems/actionmailer-5.2.1/lib/action_mailer/base.rb:558:in `deliver_mail'
	from /Users/tako8ki/Documents/GitHub/openote/vendor/bundle/ruby/2.5.0/gems/mail-2.7.0/lib/mail/message.rb:260:in `deliver'
	from /Users/tako8ki/.rbenv/versions/2.5.1/lib/ruby/2.5.0/delegate.rb:83:in `method_missing'
	from /Users/tako8ki/Documents/GitHub/openote/vendor/bundle/ruby/2.5.0/gems/railties-5.2.1/lib/rails/commands/runner/runner_command.rb:41:in `block in <main>'
	from /Users/tako8ki/Documents/GitHub/openote/vendor/bundle/ruby/2.5.0/gems/activerecord-5.2.1/lib/active_record/relation/delegation.rb:41:in `each'
	from /Users/tako8ki/Documents/GitHub/openote/vendor/bundle/ruby/2.5.0/gems/activerecord-5.2.1/lib/active_record/relation/delegation.rb:41:in `each'
	from /Users/tako8ki/Documents/GitHub/openote/vendor/bundle/ruby/2.5.0/gems/railties-5.2.1/lib/rails/commands/runner/runner_command.rb:41:in `<main>'
	from /Users/tako8ki/Documents/GitHub/openote/vendor/bundle/ruby/2.5.0/gems/railties-5.2.1/lib/rails/commands/runner/runner_command.rb:41:in `eval'
	from /Users/tako8ki/Documents/GitHub/openote/vendor/bundle/ruby/2.5.0/gems/railties-5.2.1/lib/rails/commands/runner/runner_command.rb:41:in `perform'
	from /Users/tako8ki/Documents/GitHub/openote/vendor/bundle/ruby/2.5.0/gems/thor-0.20.0/lib/thor/command.rb:27:in `run'
	from /Users/tako8ki/Documents/GitHub/openote/vendor/bundle/ruby/2.5.0/gems/thor-0.20.0/lib/thor/invocation.rb:126:in `invoke_command'
	from /Users/tako8ki/Documents/GitHub/openote/vendor/bundle/ruby/2.5.0/gems/thor-0.20.0/lib/thor.rb:387:in `dispatch'
	from /Users/tako8ki/Documents/GitHub/openote/vendor/bundle/ruby/2.5.0/gems/railties-5.2.1/lib/rails/command/base.rb:65:in `perform'
	from /Users/tako8ki/Documents/GitHub/openote/vendor/bundle/ruby/2.5.0/gems/railties-5.2.1/lib/rails/command.rb:46:in `invoke'
	from /Users/tako8ki/Documents/GitHub/openote/vendor/bundle/ruby/2.5.0/gems/railties-5.2.1/lib/rails/commands.rb:18:in `<main>'
	from /Users/tako8ki/Documents/GitHub/openote/vendor/bundle/ruby/2.5.0/gems/bootsnap-1.3.2/lib/bootsnap/load_path_cache/core_ext/kernel_require.rb:21:in `require'
	from /Users/tako8ki/Documents/GitHub/openote/vendor/bundle/ruby/2.5.0/gems/bootsnap-1.3.2/lib/bootsnap/load_path_cache/core_ext/kernel_require.rb:21:in `block in require_with_bootsnap_lfi'
	from /Users/tako8ki/Documents/GitHub/openote/vendor/bundle/ruby/2.5.0/gems/bootsnap-1.3.2/lib/bootsnap/load_path_cache/loaded_features_index.rb:65:in `register'
	from /Users/tako8ki/Documents/GitHub/openote/vendor/bundle/ruby/2.5.0/gems/bootsnap-1.3.2/lib/bootsnap/load_path_cache/core_ext/kernel_require.rb:20:in `require_with_bootsnap_lfi'
	from /Users/tako8ki/Documents/GitHub/openote/vendor/bundle/ruby/2.5.0/gems/bootsnap-1.3.2/lib/bootsnap/load_path_cache/core_ext/kernel_require.rb:29:in `require'
	from /Users/tako8ki/Documents/GitHub/openote/vendor/bundle/ruby/2.5.0/gems/activesupport-5.2.1/lib/active_support/dependencies.rb:287:in `block in require'
	from /Users/tako8ki/Documents/GitHub/openote/vendor/bundle/ruby/2.5.0/gems/activesupport-5.2.1/lib/active_support/dependencies.rb:253:in `load_dependency'
	from /Users/tako8ki/Documents/GitHub/openote/vendor/bundle/ruby/2.5.0/gems/activesupport-5.2.1/lib/active_support/dependencies.rb:287:in `require'
	from /Users/tako8ki/Documents/GitHub/openote/bin/rails:9:in `<main>'
	from /Users/tako8ki/Documents/GitHub/openote/vendor/bundle/ruby/2.5.0/gems/bootsnap-1.3.2/lib/bootsnap/load_path_cache/core_ext/kernel_require.rb:50:in `load'
	from /Users/tako8ki/Documents/GitHub/openote/vendor/bundle/ruby/2.5.0/gems/bootsnap-1.3.2/lib/bootsnap/load_path_cache/core_ext/kernel_require.rb:50:in `load'
	from /Users/tako8ki/Documents/GitHub/openote/vendor/bundle/ruby/2.5.0/gems/activesupport-5.2.1/lib/active_support/dependencies.rb:281:in `block in load'
	from /Users/tako8ki/Documents/GitHub/openote/vendor/bundle/ruby/2.5.0/gems/activesupport-5.2.1/lib/active_support/dependencies.rb:253:in `load_dependency'
	from /Users/tako8ki/Documents/GitHub/openote/vendor/bundle/ruby/2.5.0/gems/activesupport-5.2.1/lib/active_support/dependencies.rb:281:in `load'
	from /Users/tako8ki/.rbenv/versions/2.5.1/lib/ruby/2.5.0/rubygems/core_ext/kernel_require.rb:59:in `require'
	from /Users/tako8ki/.rbenv/versions/2.5.1/lib/ruby/2.5.0/rubygems/core_ext/kernel_require.rb:59:in `require'
	from -e:1:in `<main>'
Running via Spring preloader in process 5956
Running via Spring preloader in process 8020
Running via Spring preloader in process 11914
Running via Spring preloader in process 13744
Running via Spring preloader in process 16242
Running via Spring preloader in process 23590
Running via Spring preloader in process 26281
Running via Spring preloader in process 44526
Running via Spring preloader in process 47796
Running via Spring preloader in process 3100
Running via Spring preloader in process 3940
/Users/tako8ki/.rbenv/versions/2.5.1/lib/ruby/2.5.0/net/smtp.rb:539:in `initialize': execution expired (Net::OpenTimeout)
	from /Users/tako8ki/.rbenv/versions/2.5.1/lib/ruby/2.5.0/net/smtp.rb:539:in `open'
	from /Users/tako8ki/.rbenv/versions/2.5.1/lib/ruby/2.5.0/net/smtp.rb:539:in `tcp_socket'
	from /Users/tako8ki/.rbenv/versions/2.5.1/lib/ruby/2.5.0/net/smtp.rb:549:in `block in do_start'
	from /Users/tako8ki/.rbenv/versions/2.5.1/lib/ruby/2.5.0/timeout.rb:103:in `timeout'
	from /Users/tako8ki/.rbenv/versions/2.5.1/lib/ruby/2.5.0/net/smtp.rb:548:in `do_start'
	from /Users/tako8ki/.rbenv/versions/2.5.1/lib/ruby/2.5.0/net/smtp.rb:518:in `start'
	from /Users/tako8ki/Documents/GitHub/openote/vendor/bundle/ruby/2.5.0/gems/mail-2.7.0/lib/mail/network/delivery_methods/smtp.rb:109:in `start_smtp_session'
	from /Users/tako8ki/Documents/GitHub/openote/vendor/bundle/ruby/2.5.0/gems/mail-2.7.0/lib/mail/network/delivery_methods/smtp.rb:100:in `deliver!'
	from /Users/tako8ki/Documents/GitHub/openote/vendor/bundle/ruby/2.5.0/gems/mail-2.7.0/lib/mail/message.rb:2160:in `do_delivery'
	from /Users/tako8ki/Documents/GitHub/openote/vendor/bundle/ruby/2.5.0/gems/mail-2.7.0/lib/mail/message.rb:260:in `block in deliver'
	from /Users/tako8ki/Documents/GitHub/openote/vendor/bundle/ruby/2.5.0/gems/actionmailer-5.2.1/lib/action_mailer/base.rb:560:in `block in deliver_mail'
	from /Users/tako8ki/Documents/GitHub/openote/vendor/bundle/ruby/2.5.0/gems/activesupport-5.2.1/lib/active_support/notifications.rb:168:in `block in instrument'
	from /Users/tako8ki/Documents/GitHub/openote/vendor/bundle/ruby/2.5.0/gems/activesupport-5.2.1/lib/active_support/notifications/instrumenter.rb:23:in `instrument'
	from /Users/tako8ki/Documents/GitHub/openote/vendor/bundle/ruby/2.5.0/gems/activesupport-5.2.1/lib/active_support/notifications.rb:168:in `instrument'
	from /Users/tako8ki/Documents/GitHub/openote/vendor/bundle/ruby/2.5.0/gems/actionmailer-5.2.1/lib/action_mailer/base.rb:558:in `deliver_mail'
	from /Users/tako8ki/Documents/GitHub/openote/vendor/bundle/ruby/2.5.0/gems/mail-2.7.0/lib/mail/message.rb:260:in `deliver'
	from /Users/tako8ki/.rbenv/versions/2.5.1/lib/ruby/2.5.0/delegate.rb:83:in `method_missing'
	from /Users/tako8ki/Documents/GitHub/openote/vendor/bundle/ruby/2.5.0/gems/railties-5.2.1/lib/rails/commands/runner/runner_command.rb:41:in `block in <main>'
	from /Users/tako8ki/Documents/GitHub/openote/vendor/bundle/ruby/2.5.0/gems/activerecord-5.2.1/lib/active_record/relation/delegation.rb:41:in `each'
	from /Users/tako8ki/Documents/GitHub/openote/vendor/bundle/ruby/2.5.0/gems/activerecord-5.2.1/lib/active_record/relation/delegation.rb:41:in `each'
	from /Users/tako8ki/Documents/GitHub/openote/vendor/bundle/ruby/2.5.0/gems/railties-5.2.1/lib/rails/commands/runner/runner_command.rb:41:in `<main>'
	from /Users/tako8ki/Documents/GitHub/openote/vendor/bundle/ruby/2.5.0/gems/railties-5.2.1/lib/rails/commands/runner/runner_command.rb:41:in `eval'
	from /Users/tako8ki/Documents/GitHub/openote/vendor/bundle/ruby/2.5.0/gems/railties-5.2.1/lib/rails/commands/runner/runner_command.rb:41:in `perform'
	from /Users/tako8ki/Documents/GitHub/openote/vendor/bundle/ruby/2.5.0/gems/thor-0.20.0/lib/thor/command.rb:27:in `run'
	from /Users/tako8ki/Documents/GitHub/openote/vendor/bundle/ruby/2.5.0/gems/thor-0.20.0/lib/thor/invocation.rb:126:in `invoke_command'
	from /Users/tako8ki/Documents/GitHub/openote/vendor/bundle/ruby/2.5.0/gems/thor-0.20.0/lib/thor.rb:387:in `dispatch'
	from /Users/tako8ki/Documents/GitHub/openote/vendor/bundle/ruby/2.5.0/gems/railties-5.2.1/lib/rails/command/base.rb:65:in `perform'
	from /Users/tako8ki/Documents/GitHub/openote/vendor/bundle/ruby/2.5.0/gems/railties-5.2.1/lib/rails/command.rb:46:in `invoke'
	from /Users/tako8ki/Documents/GitHub/openote/vendor/bundle/ruby/2.5.0/gems/railties-5.2.1/lib/rails/commands.rb:18:in `<main>'
	from /Users/tako8ki/Documents/GitHub/openote/vendor/bundle/ruby/2.5.0/gems/bootsnap-1.3.2/lib/bootsnap/load_path_cache/core_ext/kernel_require.rb:21:in `require'
	from /Users/tako8ki/Documents/GitHub/openote/vendor/bundle/ruby/2.5.0/gems/bootsnap-1.3.2/lib/bootsnap/load_path_cache/core_ext/kernel_require.rb:21:in `block in require_with_bootsnap_lfi'
	from /Users/tako8ki/Documents/GitHub/openote/vendor/bundle/ruby/2.5.0/gems/bootsnap-1.3.2/lib/bootsnap/load_path_cache/loaded_features_index.rb:65:in `register'
	from /Users/tako8ki/Documents/GitHub/openote/vendor/bundle/ruby/2.5.0/gems/bootsnap-1.3.2/lib/bootsnap/load_path_cache/core_ext/kernel_require.rb:20:in `require_with_bootsnap_lfi'
	from /Users/tako8ki/Documents/GitHub/openote/vendor/bundle/ruby/2.5.0/gems/bootsnap-1.3.2/lib/bootsnap/load_path_cache/core_ext/kernel_require.rb:29:in `require'
	from /Users/tako8ki/Documents/GitHub/openote/vendor/bundle/ruby/2.5.0/gems/activesupport-5.2.1/lib/active_support/dependencies.rb:287:in `block in require'
	from /Users/tako8ki/Documents/GitHub/openote/vendor/bundle/ruby/2.5.0/gems/activesupport-5.2.1/lib/active_support/dependencies.rb:253:in `load_dependency'
	from /Users/tako8ki/Documents/GitHub/openote/vendor/bundle/ruby/2.5.0/gems/activesupport-5.2.1/lib/active_support/dependencies.rb:287:in `require'
	from /Users/tako8ki/Documents/GitHub/openote/bin/rails:9:in `<main>'
	from /Users/tako8ki/Documents/GitHub/openote/vendor/bundle/ruby/2.5.0/gems/bootsnap-1.3.2/lib/bootsnap/load_path_cache/core_ext/kernel_require.rb:50:in `load'
	from /Users/tako8ki/Documents/GitHub/openote/vendor/bundle/ruby/2.5.0/gems/bootsnap-1.3.2/lib/bootsnap/load_path_cache/core_ext/kernel_require.rb:50:in `load'
	from /Users/tako8ki/Documents/GitHub/openote/vendor/bundle/ruby/2.5.0/gems/activesupport-5.2.1/lib/active_support/dependencies.rb:281:in `block in load'
	from /Users/tako8ki/Documents/GitHub/openote/vendor/bundle/ruby/2.5.0/gems/activesupport-5.2.1/lib/active_support/dependencies.rb:253:in `load_dependency'
	from /Users/tako8ki/Documents/GitHub/openote/vendor/bundle/ruby/2.5.0/gems/activesupport-5.2.1/lib/active_support/dependencies.rb:281:in `load'
	from /Users/tako8ki/.rbenv/versions/2.5.1/lib/ruby/2.5.0/rubygems/core_ext/kernel_require.rb:59:in `require'
	from /Users/tako8ki/.rbenv/versions/2.5.1/lib/ruby/2.5.0/rubygems/core_ext/kernel_require.rb:59:in `require'
	from -e:1:in `<main>'
Running via Spring preloader in process 4623
Running via Spring preloader in process 5878
Running via Spring preloader in process 6857
Running via Spring preloader in process 7733
Running via Spring preloader in process 11623
Running via Spring preloader in process 14150
Running via Spring preloader in process 15590
Running via Spring preloader in process 17354
Running via Spring preloader in process 19125
Running via Spring preloader in process 22521
Running via Spring preloader in process 24833
Running via Spring preloader in process 26479
Running via Spring preloader in process 28159
Running via Spring preloader in process 29604
Running via Spring preloader in process 31425
Running via Spring preloader in process 31654
Running via Spring preloader in process 33384
Running via Spring preloader in process 34876
Running via Spring preloader in process 2440
Running via Spring preloader in process 4095
Running via Spring preloader in process 7339
Running via Spring preloader in process 9052
Running via Spring preloader in process 10405
Running via Spring preloader in process 12125
Running via Spring preloader in process 15207
Running via Spring preloader in process 16730
Running via Spring preloader in process 18155
Running via Spring preloader in process 20787
Running via Spring preloader in process 24565
Running via Spring preloader in process 29680
Running via Spring preloader in process 33406
Running via Spring preloader in process 35339
Running via Spring preloader in process 42456
Running via Spring preloader in process 47096
Running via Spring preloader in process 48916
Running via Spring preloader in process 52114
Running via Spring preloader in process 72325
Running via Spring preloader in process 12304
/Users/tako8ki/.rbenv/versions/2.5.1/lib/ruby/2.5.0/net/smtp.rb:981:in `check_auth_response': 534-5.7.14 <https://accounts.google.com/signin/continue?sarp=1&scc=1&plt=AKgnsbvr (Net::SMTPAuthenticationError)
	from /Users/tako8ki/.rbenv/versions/2.5.1/lib/ruby/2.5.0/net/smtp.rb:736:in `auth_plain'
	from /Users/tako8ki/.rbenv/versions/2.5.1/lib/ruby/2.5.0/net/smtp.rb:728:in `authenticate'
	from /Users/tako8ki/.rbenv/versions/2.5.1/lib/ruby/2.5.0/net/smtp.rb:565:in `do_start'
	from /Users/tako8ki/.rbenv/versions/2.5.1/lib/ruby/2.5.0/net/smtp.rb:518:in `start'
	from /Users/tako8ki/Documents/GitHub/openote/vendor/bundle/ruby/2.5.0/gems/mail-2.7.0/lib/mail/network/delivery_methods/smtp.rb:109:in `start_smtp_session'
	from /Users/tako8ki/Documents/GitHub/openote/vendor/bundle/ruby/2.5.0/gems/mail-2.7.0/lib/mail/network/delivery_methods/smtp.rb:100:in `deliver!'
	from /Users/tako8ki/Documents/GitHub/openote/vendor/bundle/ruby/2.5.0/gems/mail-2.7.0/lib/mail/message.rb:2160:in `do_delivery'
	from /Users/tako8ki/Documents/GitHub/openote/vendor/bundle/ruby/2.5.0/gems/mail-2.7.0/lib/mail/message.rb:260:in `block in deliver'
	from /Users/tako8ki/Documents/GitHub/openote/vendor/bundle/ruby/2.5.0/gems/actionmailer-5.2.1/lib/action_mailer/base.rb:560:in `block in deliver_mail'
	from /Users/tako8ki/Documents/GitHub/openote/vendor/bundle/ruby/2.5.0/gems/activesupport-5.2.1/lib/active_support/notifications.rb:168:in `block in instrument'
	from /Users/tako8ki/Documents/GitHub/openote/vendor/bundle/ruby/2.5.0/gems/activesupport-5.2.1/lib/active_support/notifications/instrumenter.rb:23:in `instrument'
	from /Users/tako8ki/Documents/GitHub/openote/vendor/bundle/ruby/2.5.0/gems/activesupport-5.2.1/lib/active_support/notifications.rb:168:in `instrument'
	from /Users/tako8ki/Documents/GitHub/openote/vendor/bundle/ruby/2.5.0/gems/actionmailer-5.2.1/lib/action_mailer/base.rb:558:in `deliver_mail'
	from /Users/tako8ki/Documents/GitHub/openote/vendor/bundle/ruby/2.5.0/gems/mail-2.7.0/lib/mail/message.rb:260:in `deliver'
	from /Users/tako8ki/.rbenv/versions/2.5.1/lib/ruby/2.5.0/delegate.rb:83:in `method_missing'
	from /Users/tako8ki/Documents/GitHub/openote/vendor/bundle/ruby/2.5.0/gems/railties-5.2.1/lib/rails/commands/runner/runner_command.rb:41:in `block in <main>'
	from /Users/tako8ki/Documents/GitHub/openote/vendor/bundle/ruby/2.5.0/gems/activerecord-5.2.1/lib/active_record/relation/delegation.rb:41:in `each'
	from /Users/tako8ki/Documents/GitHub/openote/vendor/bundle/ruby/2.5.0/gems/activerecord-5.2.1/lib/active_record/relation/delegation.rb:41:in `each'
	from /Users/tako8ki/Documents/GitHub/openote/vendor/bundle/ruby/2.5.0/gems/railties-5.2.1/lib/rails/commands/runner/runner_command.rb:41:in `<main>'
	from /Users/tako8ki/Documents/GitHub/openote/vendor/bundle/ruby/2.5.0/gems/railties-5.2.1/lib/rails/commands/runner/runner_command.rb:41:in `eval'
	from /Users/tako8ki/Documents/GitHub/openote/vendor/bundle/ruby/2.5.0/gems/railties-5.2.1/lib/rails/commands/runner/runner_command.rb:41:in `perform'
	from /Users/tako8ki/Documents/GitHub/openote/vendor/bundle/ruby/2.5.0/gems/thor-0.20.0/lib/thor/command.rb:27:in `run'
	from /Users/tako8ki/Documents/GitHub/openote/vendor/bundle/ruby/2.5.0/gems/thor-0.20.0/lib/thor/invocation.rb:126:in `invoke_command'
	from /Users/tako8ki/Documents/GitHub/openote/vendor/bundle/ruby/2.5.0/gems/thor-0.20.0/lib/thor.rb:387:in `dispatch'
	from /Users/tako8ki/Documents/GitHub/openote/vendor/bundle/ruby/2.5.0/gems/railties-5.2.1/lib/rails/command/base.rb:65:in `perform'
	from /Users/tako8ki/Documents/GitHub/openote/vendor/bundle/ruby/2.5.0/gems/railties-5.2.1/lib/rails/command.rb:46:in `invoke'
	from /Users/tako8ki/Documents/GitHub/openote/vendor/bundle/ruby/2.5.0/gems/railties-5.2.1/lib/rails/commands.rb:18:in `<main>'
	from /Users/tako8ki/Documents/GitHub/openote/vendor/bundle/ruby/2.5.0/gems/bootsnap-1.3.2/lib/bootsnap/load_path_cache/core_ext/kernel_require.rb:21:in `require'
	from /Users/tako8ki/Documents/GitHub/openote/vendor/bundle/ruby/2.5.0/gems/bootsnap-1.3.2/lib/bootsnap/load_path_cache/core_ext/kernel_require.rb:21:in `block in require_with_bootsnap_lfi'
	from /Users/tako8ki/Documents/GitHub/openote/vendor/bundle/ruby/2.5.0/gems/bootsnap-1.3.2/lib/bootsnap/load_path_cache/loaded_features_index.rb:65:in `register'
	from /Users/tako8ki/Documents/GitHub/openote/vendor/bundle/ruby/2.5.0/gems/bootsnap-1.3.2/lib/bootsnap/load_path_cache/core_ext/kernel_require.rb:20:in `require_with_bootsnap_lfi'
	from /Users/tako8ki/Documents/GitHub/openote/vendor/bundle/ruby/2.5.0/gems/bootsnap-1.3.2/lib/bootsnap/load_path_cache/core_ext/kernel_require.rb:29:in `require'
	from /Users/tako8ki/Documents/GitHub/openote/vendor/bundle/ruby/2.5.0/gems/activesupport-5.2.1/lib/active_support/dependencies.rb:287:in `block in require'
	from /Users/tako8ki/Documents/GitHub/openote/vendor/bundle/ruby/2.5.0/gems/activesupport-5.2.1/lib/active_support/dependencies.rb:253:in `load_dependency'
	from /Users/tako8ki/Documents/GitHub/openote/vendor/bundle/ruby/2.5.0/gems/activesupport-5.2.1/lib/active_support/dependencies.rb:287:in `require'
	from /Users/tako8ki/Documents/GitHub/openote/bin/rails:9:in `<main>'
	from /Users/tako8ki/Documents/GitHub/openote/vendor/bundle/ruby/2.5.0/gems/bootsnap-1.3.2/lib/bootsnap/load_path_cache/core_ext/kernel_require.rb:50:in `load'
	from /Users/tako8ki/Documents/GitHub/openote/vendor/bundle/ruby/2.5.0/gems/bootsnap-1.3.2/lib/bootsnap/load_path_cache/core_ext/kernel_require.rb:50:in `load'
	from /Users/tako8ki/Documents/GitHub/openote/vendor/bundle/ruby/2.5.0/gems/activesupport-5.2.1/lib/active_support/dependencies.rb:281:in `block in load'
	from /Users/tako8ki/Documents/GitHub/openote/vendor/bundle/ruby/2.5.0/gems/activesupport-5.2.1/lib/active_support/dependencies.rb:253:in `load_dependency'
	from /Users/tako8ki/Documents/GitHub/openote/vendor/bundle/ruby/2.5.0/gems/activesupport-5.2.1/lib/active_support/dependencies.rb:281:in `load'
	from /Users/tako8ki/.rbenv/versions/2.5.1/lib/ruby/2.5.0/rubygems/core_ext/kernel_require.rb:59:in `require'
	from /Users/tako8ki/.rbenv/versions/2.5.1/lib/ruby/2.5.0/rubygems/core_ext/kernel_require.rb:59:in `require'
	from -e:1:in `<main>'
Running via Spring preloader in process 14906
Running via Spring preloader in process 21039
Running via Spring preloader in process 26065
Running via Spring preloader in process 28066
Running via Spring preloader in process 47924
Running via Spring preloader in process 2181
